
Showing logs for build [32mmuirp-environment-fingertide-pr-1[0m stage [32mfrom-build-pack[0m and container [32mstep-credential-initializer-99cds[0m
{"level":"warn","ts":1567430640.8338985,"logger":"fallback-logger","caller":"logging/config.go:69","msg":"Fetch GitHub commit ID from kodata failed: \"ref: refs/heads/master\" is not a valid GitHub commit ID"}
{"level":"info","ts":1567430640.8375275,"logger":"fallback-logger","caller":"creds-init/main.go:40","msg":"Credentials initialized."}

Showing logs for build [32mmuirp-environment-fingertide-pr-1[0m stage [32mfrom-build-pack[0m and container [32mstep-working-dir-initializer-hv7ml[0m
{"level":"warn","ts":1567430641.5221615,"logger":"fallback-logger","caller":"logging/config.go:69","msg":"Fetch GitHub commit ID from kodata failed: open /var/run/ko/HEAD: no such file or directory"}
{"level":"info","ts":1567430641.5233068,"logger":"fallback-logger","caller":"bash/main.go:65","msg":"Successfully executed command \"mkdir -p /workspace/source /workspace/source/env\""}

Showing logs for build [32mmuirp-environment-fingertide-pr-1[0m stage [32mfrom-build-pack[0m and container [32mstep-place-tools[0m

Showing logs for build [32mmuirp-environment-fingertide-pr-1[0m stage [32mfrom-build-pack[0m and container [32mstep-git-source-muirp-environment-fingertide-pr-nc8ft[0m
{"level":"warn","ts":1567430645.5462136,"logger":"fallback-logger","caller":"logging/config.go:69","msg":"Fetch GitHub commit ID from kodata failed: \"ref: refs/heads/master\" is not a valid GitHub commit ID"}
{"level":"info","ts":1567430646.6216426,"logger":"fallback-logger","caller":"git/git.go:102","msg":"Successfully cloned https://github.com/muirp/environment-fingertide-production.git @ 846788ae5833f2c776e54cabe1f93fbaa6ea83d4 in path /workspace/source"}

Showing logs for build [32mmuirp-environment-fingertide-pr-1[0m stage [32mfrom-build-pack[0m and container [32mstep-git-merge[0m
Using SHAs from PULL_REFS=master:274113191c15d97647b0b23fe2c1f35dda7373c4,1:846788ae5833f2c776e54cabe1f93fbaa6ea83d4
DEBUG: ran git fetch --unshallow origin 846788ae5833f2c776e54cabe1f93fbaa6ea83d4: 274113191c15d97647b0b23fe2c1f35dda7373c4: in 
DEBUG: ran git checkout master in 
DEBUG: ran git reset --hard 274113191c15d97647b0b23fe2c1f35dda7373c4 in 
DEBUG: ran clean --force -d . in 
DEBUG: ran git merge 846788ae5833f2c776e54cabe1f93fbaa6ea83d4 in 
Merged SHA 846788ae5833f2c776e54cabe1f93fbaa6ea83d4 with commit message 'The command `jx delete application` was run by pmuir and it generated this Pull Request' into base branch master

Showing logs for build [32mmuirp-environment-fingertide-pr-1[0m stage [32mfrom-build-pack[0m and container [32mstep-build-helm-build[0m
WARNING: No $CHART_REPOSITORY defined so using the default value of: http://jenkins-x-chartmuseum:8080
Adding missing Helm repo: storage.googleapis.com https://storage.googleapis.com/chartmuseum.jenkins-x.io
Successfully added Helm repository storage.googleapis.com.
Adding missing Helm repo: jenkins-x-chartmuseum http://jenkins-x-chartmuseum:8080
Successfully added Helm repository jenkins-x-chartmuseum.
WARNING: No $CHART_REPOSITORY defined so using the default value of: http://jenkins-x-chartmuseum:8080
Adding missing Helm repo: chartmuseum.jenkins-x.io http://chartmuseum.jenkins-x.io
Successfully added Helm repository chartmuseum.jenkins-x.io.
